<?xml version="1.0" encoding="UTF-8"?>
<!-- Generated by org.testng.reporters.JUnitReportReporter -->
<testsuite skipped="0" hostname="DESKTOP-L0OFOJ2" name="Osclogin" tests="1" failures="0" timestamp="07 Dec 2017 04:40:53 GMT" time="0.035" errors="0">
  <testcase name="test" time="0.035" classname="Osclogin"/>
</testsuite> <!-- Osclogin -->
